[debug] [2024-08-31T19:21:14.897Z] ----------------------------------------------------------------------
[debug] [2024-08-31T19:21:14.901Z] Command:       C:\Program Files\nodejs\node.exe C:\Users\MOHIT KUMAR DORA\AppData\Roaming\npm\node_modules\firebase-tools\lib\bin\firebase.js init
[debug] [2024-08-31T19:21:14.902Z] CLI Version:   13.16.0
[debug] [2024-08-31T19:21:14.902Z] Platform:      win32
[debug] [2024-08-31T19:21:14.902Z] Node Version:  v21.7.1
[debug] [2024-08-31T19:21:14.903Z] Time:          Sun Sep 01 2024 00:51:14 GMT+0530 (India Standard Time)
[debug] [2024-08-31T19:21:14.903Z] ----------------------------------------------------------------------
[debug] 
[debug] [2024-08-31T19:21:14.908Z] >>> [apiv2][query] GET https://firebase-public.firebaseio.com/cli.json [none]
[debug] [2024-08-31T19:21:14.966Z] > command requires scopes: ["email","openid","https://www.googleapis.com/auth/cloudplatformprojects.readonly","https://www.googleapis.com/auth/firebase","https://www.googleapis.com/auth/cloud-platform"]
[debug] [2024-08-31T19:21:14.967Z] > authorizing via signed-in user (doramohitkumar@gmail.com)
[info] 
     ######## #### ########  ######## ########     ###     ######  ########
     ##        ##  ##     ## ##       ##     ##  ##   ##  ##       ##
     ######    ##  ########  ######   ########  #########  ######  ######
     ##        ##  ##    ##  ##       ##     ## ##     ##       ## ##
     ##       #### ##     ## ######## ########  ##     ##  ######  ########

You're about to initialize a Firebase project in this directory:

  D:\My_Projects\drawing-app\client

[debug] [2024-08-31T19:21:15.857Z] <<< [apiv2][status] GET https://firebase-public.firebaseio.com/cli.json 200
[debug] [2024-08-31T19:21:15.858Z] <<< [apiv2][body] GET https://firebase-public.firebaseio.com/cli.json {"cloudBuildErrorAfter":1594252800000,"cloudBuildWarnAfter":1590019200000,"defaultNode10After":1594252800000,"minVersion":"3.0.5","node8DeploysDisabledAfter":1613390400000,"node8RuntimeDisabledAfter":1615809600000,"node8WarnAfter":1600128000000}
[info] 
=== Project Setup
[info] 
[info] First, let's associate this project directory with a Firebase project.
[info] You can create multiple project aliases by running firebase use --add, 
[info] but for now we'll just set up a default project.
[info] 
[debug] [2024-08-31T19:23:41.137Z] > refreshing access token with scopes: []
[debug] [2024-08-31T19:23:41.139Z] >>> [apiv2][query] POST https://www.googleapis.com/oauth2/v3/token [none]
[debug] [2024-08-31T19:23:41.139Z] >>> [apiv2][body] POST https://www.googleapis.com/oauth2/v3/token [omitted]
[debug] [2024-08-31T19:23:41.760Z] <<< [apiv2][status] POST https://www.googleapis.com/oauth2/v3/token 200
[debug] [2024-08-31T19:23:41.760Z] <<< [apiv2][body] POST https://www.googleapis.com/oauth2/v3/token [omitted]
[debug] [2024-08-31T19:23:41.806Z] >>> [apiv2][query] GET https://firebase.googleapis.com/v1beta1/projects pageSize=100
[debug] [2024-08-31T19:23:43.087Z] <<< [apiv2][status] GET https://firebase.googleapis.com/v1beta1/projects 200
[debug] [2024-08-31T19:23:43.087Z] <<< [apiv2][body] GET https://firebase.googleapis.com/v1beta1/projects [omitted]
[info] i  Using project drawify-e45d5 (Drawify) 
[info] 
=== Database Setup
[info] i  database: ensuring required API firebasedatabase.googleapis.com is enabled... 
[debug] [2024-08-31T19:23:45.447Z] >>> [apiv2][query] GET https://serviceusage.googleapis.com/v1/projects/drawify-e45d5/services/firebasedatabase.googleapis.com [none]
[debug] [2024-08-31T19:23:45.447Z] >>> [apiv2][(partial)header] GET https://serviceusage.googleapis.com/v1/projects/drawify-e45d5/services/firebasedatabase.googleapis.com x-goog-quota-user=projects/drawify-e45d5
[debug] [2024-08-31T19:23:47.594Z] <<< [apiv2][status] GET https://serviceusage.googleapis.com/v1/projects/drawify-e45d5/services/firebasedatabase.googleapis.com 200
[debug] [2024-08-31T19:23:47.594Z] <<< [apiv2][body] GET https://serviceusage.googleapis.com/v1/projects/drawify-e45d5/services/firebasedatabase.googleapis.com [omitted]
[warn] !  database: missing required API firebasedatabase.googleapis.com. Enabling now... 
[debug] [2024-08-31T19:23:47.596Z] >>> [apiv2][query] POST https://serviceusage.googleapis.com/v1/projects/drawify-e45d5/services/firebasedatabase.googleapis.com:enable [none]
[debug] [2024-08-31T19:23:47.596Z] >>> [apiv2][(partial)header] POST https://serviceusage.googleapis.com/v1/projects/drawify-e45d5/services/firebasedatabase.googleapis.com:enable x-goog-quota-user=projects/drawify-e45d5
[debug] [2024-08-31T19:23:48.207Z] <<< [apiv2][status] POST https://serviceusage.googleapis.com/v1/projects/drawify-e45d5/services/firebasedatabase.googleapis.com:enable 200
[debug] [2024-08-31T19:23:48.207Z] <<< [apiv2][body] POST https://serviceusage.googleapis.com/v1/projects/drawify-e45d5/services/firebasedatabase.googleapis.com:enable [omitted]
[debug] [2024-08-31T19:23:58.210Z] >>> [apiv2][query] GET https://serviceusage.googleapis.com/v1/projects/drawify-e45d5/services/firebasedatabase.googleapis.com [none]
[debug] [2024-08-31T19:23:58.210Z] >>> [apiv2][(partial)header] GET https://serviceusage.googleapis.com/v1/projects/drawify-e45d5/services/firebasedatabase.googleapis.com x-goog-quota-user=projects/drawify-e45d5
[debug] [2024-08-31T19:24:00.022Z] <<< [apiv2][status] GET https://serviceusage.googleapis.com/v1/projects/drawify-e45d5/services/firebasedatabase.googleapis.com 200
[debug] [2024-08-31T19:24:00.022Z] <<< [apiv2][body] GET https://serviceusage.googleapis.com/v1/projects/drawify-e45d5/services/firebasedatabase.googleapis.com [omitted]
[info] +  database: required API firebasedatabase.googleapis.com is enabled 
[info] 
[debug] [2024-08-31T19:24:00.027Z] >>> [apiv2][query] GET https://firebase.googleapis.com/v1beta1/projects/drawify-e45d5 [none]
[debug] [2024-08-31T19:24:00.845Z] <<< [apiv2][status] GET https://firebase.googleapis.com/v1beta1/projects/drawify-e45d5 200
[debug] [2024-08-31T19:24:00.846Z] <<< [apiv2][body] GET https://firebase.googleapis.com/v1beta1/projects/drawify-e45d5 {"projectId":"drawify-e45d5","projectNumber":"734128889302","displayName":"Drawify","name":"projects/drawify-e45d5","resources":{"hostingSite":"drawify-e45d5"},"state":"ACTIVE","etag":"1_7e331efb-8ac4-42f1-bdf0-0ebc968a3754"}
[info] 
[info] Firebase Realtime Database Security Rules allow you to define how your data should be
[info] structured and when your data can be read from and written to.
[info] 
